[INFO] Scanning for projects...
[INFO] 
[INFO] ---------------------< com.estore:estore-backend >----------------------
[INFO] Building estore-backend 0.0.1-SNAPSHOT
[INFO]   from pom.xml
[INFO] --------------------------------[ jar ]---------------------------------
[INFO] 
[INFO] --- clean:3.5.0:clean (default-clean) @ estore-backend ---
[INFO] Deleting C:\Users\mtska\OneDrive\Bureau\estore_project\estore-backend\estore-backend\target
[INFO] 
[INFO] >>> spring-boot:4.0.6:run (default-cli) > test-compile @ estore-backend >>>
[INFO] 
[INFO] --- resources:3.3.1:resources (default-resources) @ estore-backend ---
[INFO] Copying 1 resource from src\main\resources to target\classes
[INFO] Copying 0 resource from src\main\resources to target\classes
[INFO] 
[INFO] --- compiler:3.14.1:compile (default-compile) @ estore-backend ---
[INFO] Recompiling the module because of changed source code.
[INFO] Compiling 46 source files with javac [debug parameters release 17] to target\classes
[INFO] -------------------------------------------------------------
[ERROR] COMPILATION ERROR : 
[INFO] -------------------------------------------------------------
[ERROR] /C:/Users/mtska/OneDrive/Bureau/estore_project/estore-backend/estore-backend/src/main/java/com/estore/estore_backend/catalog/controller/ProductController.java:[1,1] illegal character: '\ufeff'
[ERROR] /C:/Users/mtska/OneDrive/Bureau/estore_project/estore-backend/estore-backend/src/main/java/com/estore/estore_backend/catalog/controller/ProductController.java:[1,10] class, interface, enum, or record expected
[ERROR] /C:/Users/mtska/OneDrive/Bureau/estore_project/estore-backend/estore-backend/src/main/java/com/estore/estore_backend/catalog/controller/ProductController.java:[3,1] class, interface, enum, or record expected
[ERROR] /C:/Users/mtska/OneDrive/Bureau/estore_project/estore-backend/estore-backend/src/main/java/com/estore/estore_backend/catalog/controller/ProductController.java:[4,1] class, interface, enum, or record expected
[ERROR] /C:/Users/mtska/OneDrive/Bureau/estore_project/estore-backend/estore-backend/src/main/java/com/estore/estore_backend/catalog/controller/ProductController.java:[5,1] class, interface, enum, or record expected
[ERROR] /C:/Users/mtska/OneDrive/Bureau/estore_project/estore-backend/estore-backend/src/main/java/com/estore/estore_backend/catalog/controller/ProductController.java:[6,1] class, interface, enum, or record expected
[ERROR] /C:/Users/mtska/OneDrive/Bureau/estore_project/estore-backend/estore-backend/src/main/java/com/estore/estore_backend/catalog/controller/ProductController.java:[7,1] class, interface, enum, or record expected
[ERROR] /C:/Users/mtska/OneDrive/Bureau/estore_project/estore-backend/estore-backend/src/main/java/com/estore/estore_backend/catalog/controller/ProductController.java:[8,1] class, interface, enum, or record expected
[ERROR] /C:/Users/mtska/OneDrive/Bureau/estore_project/estore-backend/estore-backend/src/main/java/com/estore/estore_backend/catalog/controller/ProductController.java:[9,1] class, interface, enum, or record expected
[ERROR] /C:/Users/mtska/OneDrive/Bureau/estore_project/estore-backend/estore-backend/src/main/java/com/estore/estore_backend/catalog/controller/ProductController.java:[10,1] class, interface, enum, or record expected
[ERROR] /C:/Users/mtska/OneDrive/Bureau/estore_project/estore-backend/estore-backend/src/main/java/com/estore/estore_backend/catalog/controller/ProductController.java:[11,1] class, interface, enum, or record expected
[ERROR] /C:/Users/mtska/OneDrive/Bureau/estore_project/estore-backend/estore-backend/src/main/java/com/estore/estore_backend/catalog/controller/ReviewController.java:[1,1] illegal character: '\ufeff'
[ERROR] /C:/Users/mtska/OneDrive/Bureau/estore_project/estore-backend/estore-backend/src/main/java/com/estore/estore_backend/catalog/controller/ReviewController.java:[1,10] class, interface, enum, or record expected
[ERROR] /C:/Users/mtska/OneDrive/Bureau/estore_project/estore-backend/estore-backend/src/main/java/com/estore/estore_backend/catalog/controller/ReviewController.java:[3,1] class, interface, enum, or record expected
[ERROR] /C:/Users/mtska/OneDrive/Bureau/estore_project/estore-backend/estore-backend/src/main/java/com/estore/estore_backend/catalog/controller/ReviewController.java:[4,1] class, interface, enum, or record expected
[ERROR] /C:/Users/mtska/OneDrive/Bureau/estore_project/estore-backend/estore-backend/src/main/java/com/estore/estore_backend/catalog/controller/ReviewController.java:[5,1] class, interface, enum, or record expected
[ERROR] /C:/Users/mtska/OneDrive/Bureau/estore_project/estore-backend/estore-backend/src/main/java/com/estore/estore_backend/catalog/controller/ReviewController.java:[6,1] class, interface, enum, or record expected
[ERROR] /C:/Users/mtska/OneDrive/Bureau/estore_project/estore-backend/estore-backend/src/main/java/com/estore/estore_backend/catalog/controller/ReviewController.java:[7,1] class, interface, enum, or record expected
[ERROR] /C:/Users/mtska/OneDrive/Bureau/estore_project/estore-backend/estore-backend/src/main/java/com/estore/estore_backend/catalog/controller/ReviewController.java:[8,1] class, interface, enum, or record expected
[INFO] 19 errors 
[INFO] -------------------------------------------------------------
[INFO] ------------------------------------------------------------------------
[INFO] BUILD FAILURE
[INFO] ------------------------------------------------------------------------
[INFO] Total time:  1.769 s
[INFO] Finished at: 2026-05-11T23:18:06+01:00
[INFO] ------------------------------------------------------------------------
[ERROR] Failed to execute goal org.apache.maven.plugins:maven-compiler-plugin:3.14.1:compile (default-compile) on project estore-backend: Compilation failure: Compilation failure: 
[ERROR] /C:/Users/mtska/OneDrive/Bureau/estore_project/estore-backend/estore-backend/src/main/java/com/estore/estore_backend/catalog/controller/ProductController.java:[1,1] illegal character: '\ufeff'
[ERROR] /C:/Users/mtska/OneDrive/Bureau/estore_project/estore-backend/estore-backend/src/main/java/com/estore/estore_backend/catalog/controller/ProductController.java:[1,10] class, interface, enum, or record expected
[ERROR] /C:/Users/mtska/OneDrive/Bureau/estore_project/estore-backend/estore-backend/src/main/java/com/estore/estore_backend/catalog/controller/ProductController.java:[3,1] class, interface, enum, or record expected
[ERROR] /C:/Users/mtska/OneDrive/Bureau/estore_project/estore-backend/estore-backend/src/main/java/com/estore/estore_backend/catalog/controller/ProductController.java:[4,1] class, interface, enum, or record expected
[ERROR] /C:/Users/mtska/OneDrive/Bureau/estore_project/estore-backend/estore-backend/src/main/java/com/estore/estore_backend/catalog/controller/ProductController.java:[5,1] class, interface, enum, or record expected
[ERROR] /C:/Users/mtska/OneDrive/Bureau/estore_project/estore-backend/estore-backend/src/main/java/com/estore/estore_backend/catalog/controller/ProductController.java:[6,1] class, interface, enum, or record expected
[ERROR] /C:/Users/mtska/OneDrive/Bureau/estore_project/estore-backend/estore-backend/src/main/java/com/estore/estore_backend/catalog/controller/ProductController.java:[7,1] class, interface, enum, or record expected
[ERROR] /C:/Users/mtska/OneDrive/Bureau/estore_project/estore-backend/estore-backend/src/main/java/com/estore/estore_backend/catalog/controller/ProductController.java:[8,1] class, interface, enum, or record expected
[ERROR] /C:/Users/mtska/OneDrive/Bureau/estore_project/estore-backend/estore-backend/src/main/java/com/estore/estore_backend/catalog/controller/ProductController.java:[9,1] class, interface, enum, or record expected
[ERROR] /C:/Users/mtska/OneDrive/Bureau/estore_project/estore-backend/estore-backend/src/main/java/com/estore/estore_backend/catalog/controller/ProductController.java:[10,1] class, interface, enum, or record expected
[ERROR] /C:/Users/mtska/OneDrive/Bureau/estore_project/estore-backend/estore-backend/src/main/java/com/estore/estore_backend/catalog/controller/ProductController.java:[11,1] class, interface, enum, or record expected
[ERROR] /C:/Users/mtska/OneDrive/Bureau/estore_project/estore-backend/estore-backend/src/main/java/com/estore/estore_backend/catalog/controller/ReviewController.java:[1,1] illegal character: '\ufeff'
[ERROR] /C:/Users/mtska/OneDrive/Bureau/estore_project/estore-backend/estore-backend/src/main/java/com/estore/estore_backend/catalog/controller/ReviewController.java:[1,10] class, interface, enum, or record expected
[ERROR] /C:/Users/mtska/OneDrive/Bureau/estore_project/estore-backend/estore-backend/src/main/java/com/estore/estore_backend/catalog/controller/ReviewController.java:[3,1] class, interface, enum, or record expected
[ERROR] /C:/Users/mtska/OneDrive/Bureau/estore_project/estore-backend/estore-backend/src/main/java/com/estore/estore_backend/catalog/controller/ReviewController.java:[4,1] class, interface, enum, or record expected
[ERROR] /C:/Users/mtska/OneDrive/Bureau/estore_project/estore-backend/estore-backend/src/main/java/com/estore/estore_backend/catalog/controller/ReviewController.java:[5,1] class, interface, enum, or record expected
[ERROR] /C:/Users/mtska/OneDrive/Bureau/estore_project/estore-backend/estore-backend/src/main/java/com/estore/estore_backend/catalog/controller/ReviewController.java:[6,1] class, interface, enum, or record expected
[ERROR] /C:/Users/mtska/OneDrive/Bureau/estore_project/estore-backend/estore-backend/src/main/java/com/estore/estore_backend/catalog/controller/ReviewController.java:[7,1] class, interface, enum, or record expected
[ERROR] /C:/Users/mtska/OneDrive/Bureau/estore_project/estore-backend/estore-backend/src/main/java/com/estore/estore_backend/catalog/controller/ReviewController.java:[8,1] class, interface, enum, or record expected
[ERROR] -> [Help 1]
[ERROR] 
[ERROR] To see the full stack trace of the errors, re-run Maven with the -e switch.
[ERROR] Re-run Maven using the -X switch to enable full debug logging.
[ERROR] 
[ERROR] For more information about the errors and possible solutions, please read the following articles:
[ERROR] [Help 1] http://cwiki.apache.org/confluence/display/MAVEN/MojoFailureException
